<?xml version="1.0" encoding="UTF-8"?>
<testsuite name="jsam.LibraryTest" tests="7" skipped="0" failures="0" errors="0" timestamp="2019-03-12T17:49:20" hostname="idk" time="71.578">
  <properties/>
  <testcase name="testAcceptSession" classname="jsam.LibraryTest" time="3.086"/>
  <testcase name="testHelloSAM" classname="jsam.LibraryTest" time="0.004"/>
  <testcase name="testValidDefaultSignatureType" classname="jsam.LibraryTest" time="0.001"/>
  <testcase name="testLookupName" classname="jsam.LibraryTest" time="0.017"/>
  <testcase name="testValidDefaultSAMAddress" classname="jsam.LibraryTest" time="0.04"/>
  <testcase name="testConnectSession" classname="jsam.LibraryTest" time="50.755"/>
  <testcase name="testCreateSession" classname="jsam.LibraryTest" time="17.67"/>
  <system-out><![CDATA[
--- Testing AcceptSession
HELLO VERSION MIN=3.1 MAX=3.1
HELLO REPLY RESULT=OK {VERSION=3.1, RESULT=OK}
Using ID accepttsession
SESSION CREATE STYLE=STREAM ID=accepttsession DESTINATION=TRANSIENT SIGNATURE_TYPE=EdDSA_SHA512_Ed25519
SESSION STATUS RESULT=OK {DESTINATION=EXifDTTrGIpXtEx8UQY-bJN4ZfDNU8RMQ0MqP30PjtO1uJEHHp1UxiohMS2oSNkBdohO9DS74HWhJDh3T5WmdciLSVpIrofG3bp4or6xY2bQMuRSmBuYUG6e4Bpd3CVtX9TYb0V54DYck5rTl5s2QhzHSeJpvLSK8xKsJgJW9liWSLuHDb0XYFlbDKr9q1MqoASG1QIUo4KX~QUvPS4bs0Oj5V8ieFggaE6uDqIL~n1YXLWBXRNOCsnJzb7eNer-jLBrtzo9~g28AbxG8oN6VCpANnkK8OrvFtwT6MLRLYHLbmOxA7yjkCgTcxPtUBNNvqefggPOmpgDaSccs20UyRNoYeu0c83CP~3rc3pPT7wZuUt5NQIkmHzuN1-EXDPUYYYZBVIHsn3pc2-FRp0dZX1w4DzvlJ8sgslguXtyMq4pHU-X1A05fpBDxJArmshpiZ9AdttBmidfPzAo2eURixCtIAyJR5uZ3Mtaqqr-8gqD9rfTgejInJpt041WVJeSBQAEAAcAAH01fDQQ8tABh3ONJkj6WDivi9goMIFH7CelM1zPn~b9cx8NQNQ1TW26AbsHWEwmMB43iW-WbAjysFBdfZEIrEC4bIyteEEZtteSROe9XAUyfKvGbNc7vD1Zr-KdGomYJWhVobzdFOAqRTLK2-5G5Bo8PA2wh5fZVizHv9k6Mdz0JQFkkPyXVxFxqMAcFPkCIg3kZagJfANksEjvIIJ-2FP6A5X4Q2dDcpSONb~vsv37Zz7EejENp98z3vu6yBUghPr2guFovasfeWzJWexY1Julc9mBM6-IXnL-QXWj6gVAzEdYIKpZuNQdU1I3sD3bEF0PhsA89-CK4J5cjinY1dTwaSluA4XuXgdPBVPuxTPq5ZIZXbAfXrCPlkc9Uvs0sQ==, RESULT=OK}
HELLO VERSION MIN=3.1 MAX=3.1
HELLO REPLY RESULT=OK {VERSION=3.1, RESULT=OK}
STREAM ACCEPT ID=accepttsession SILENT=false
STREAM STATUS RESULT=OK {RESULT=OK}

--- Testing HelloSAM
HELLO VERSION MIN=3.1 MAX=3.1
HELLO REPLY RESULT=OK {VERSION=3.1, RESULT=OK}

--- Testing Default Signature Type

--- Testing LookupName
HELLO VERSION MIN=3.1 MAX=3.1
HELLO REPLY RESULT=OK {VERSION=3.1, RESULT=OK}
NAMING LOOKUP NAME=i2p-projekt.i2p

--- Testing Default SAM Address

--- Testing ConnectSession
HELLO VERSION MIN=3.1 MAX=3.1
HELLO REPLY RESULT=OK {VERSION=3.1, RESULT=OK}
Using ID connectsession
SESSION CREATE STYLE=STREAM ID=connectsession DESTINATION=TRANSIENT SIGNATURE_TYPE=EdDSA_SHA512_Ed25519
SESSION STATUS RESULT=OK {DESTINATION=Rcci7XaLPL1aAbx8nVq9SiVrT83g~dCXlCtCgFdzjFUPkUwQqgJdsqHlwFvLL5Q9lhn9xCKptYGfz30CaZlfuurLb-4WufKb3nl2m-88UnckvhvZ~XXnd3Q2zMSo5GpA088letQqi6XeDL3pc2xKhIhhBpNtv0H2Ceax8BC81p28HIQLkWLf5a~H2nev9oxxTRCAaXaaNAsR0f4Od2t5DWHWJtcqwBVV6sYbDEQwBbXSFKcvnE5Q5hCPUYReNNgPUO62IjTYp5kEzr2T2X1oXQ~JF1fGZrSFo0~OA~uQsvovMI2x35thEeqTkW6B1Zx~27pBUo5pLTS5NZGxtjnelV4onkcIN-exuIvU7RGnmp3DeiS2-91zhbf7gyQ-GTbpVwoU-C1B-vWWFop7VBUTzzecH8W-czEDUMsKeIZDG2qo6WeNg1bejKPf~tgvaIr6RyIs2cpyIR34LSGPfqgfY0VW2YU~2YAuxqE0GYIV4Nxx0mHXrTDJeUJJYJ3O-ajHBQAEAAcAAFrFnj~kMsKeFAd~8Qa~wtPDl3FfWdw8fEh2jwDnpJEXHm-PU-zzmPmZzVi0uvTvABD-iLtVvWX52mPyRsRRddjD0R7jb6Bdv3yaYoGq~MhAfNbzFwCkoENxzI5Aw04kvQymgB~d6c06DrDbiKwEhPiXnDabqPvqQAxfvxLZwwyMhKkdFvGjf8cUNzbm9X9435oMJr5ywT3yUik52h2MJWmn02D0QCnT0Ozm1SMXGU9dpCegT~hBzfGYgW86NJmEv02YlLmmclmr1rTZWJDB6O835uhYNHyCRJxXsB965xu0OVJVLSBDbtVYm2iTMY7TCwoQErvMZ0OkKOm436rHC5rDJbomzMimScpEMX51DNpzd9DPe-KgHL8dSqbc6Kj7Ug==, RESULT=OK}
HELLO VERSION MIN=3.1 MAX=3.1
HELLO REPLY RESULT=OK {VERSION=3.1, RESULT=OK}
STREAM CONNECT ID=connectsession DESTINATION=8ZAW~KzGFMUEj0pdchy6GQOOZbuzbqpWtiApEj8LHy2~O~58XKxRrA43cA23a9oDpNZDqWhRWEtehSnX5NoCwJcXWWdO1ksKEUim6cQLP-VpQyuZTIIqwSADwgoe6ikxZG0NGvy5FijgxF4EW9zg39nhUNKRejYNHhOBZKIX38qYyXoB8XCVJybKg89aMMPsCT884F0CLBKbHeYhpYGmhE4YW~aV21c5pebivvxeJPWuTBAOmYxAIgJE3fFU-fucQn9YyGUFa8F3t-0Vco-9qVNSEWfgrdXOdKT6orr3sfssiKo3ybRWdTpxycZ6wB4qHWgTSU5A-gOA3ACTCMZBsASN3W5cz6GRZCspQ0HNu~R~nJ8V06Mmw~iVYOu5lDvipmG6-dJky6XRxCedczxMM1GWFoieQ8Ysfuxq-j8keEtaYmyUQme6TcviCEvQsxyVirr~dTC-F8aZ~y2AlG5IJz5KD02nO6TRkI2fgjHhv9OZ9nskh-I2jxAzFP6Is1kyAAAA SILENT=false
STREAM STATUS RESULT=OK {RESULT=OK}

--- Testing CreateSession
HELLO VERSION MIN=3.1 MAX=3.1
HELLO REPLY RESULT=OK {VERSION=3.1, RESULT=OK}
Using ID createsession
SESSION CREATE STYLE=STREAM ID=createsession DESTINATION=TRANSIENT SIGNATURE_TYPE=EdDSA_SHA512_Ed25519
SESSION STATUS RESULT=OK {DESTINATION=rrL56uDj31u0ipUlTHZcWU5~8jX~iNpegGQEEHOyAGYqPUXo9kfT5EP~ejX5MDxcwxqoGJZ9WGrQCZmGAS~O7T1JkdHOS8tgOat509wUq5s-lx7ekIb7d~E0EHWqGYbnYSbh3Xu5E5R4wcVGVUA~WFUqF7yqoA8qnNCISMMlrEoh~3VZY4PyDSEsNXn9lvjHl~GYfhFvXRvo705LaHQVaRxQnoa1mqsYe5guLqXinZPsu6XG~kk1A9-FmpAyHTGBB5iKPlacRhK3x~AekNfjEUNCL9G8xgsn4BYwQUtsWdO~PknV2F2Z3OfOCcNpKRcUNt-zOJ6aN1vJBeZj7c48CNSHGyQbr7GVL9d51BtHQw-Sym4hM6spRqW-lgkAWhBd8zo9EYmvG87eeKxXPN6igQZk2bSfr5ctnPrJ182pZDnvNH-1kC6IqeV~GiGVJbneaMY5jEOMSuZUUjMdUhXC9lSt1TS~l5ODEolQI3vKwJqmlZTAzYtLj7qxgYwmqEJGBQAEAAcAAA~-LOEtl-pRFLrNuD-OzqGQ84-NzsJpSTAhVzt3w5M4lXsYczoPKVH3E7zQ5fA7piy5mZnBu9XbkpzBJsWXjDACXxzNw4slmnFjSRdJAt78qtxGjksteyWKLXPI7iNoCo5lHegG1FGjgNhHAjqv4ZpFa-yFesezrUa64tfHM~aQKjVUgQ30J7SdkCN9MYV4FrZkKMcCsNl0BDaqTvOCL-4R-eRLPgGuNjkIthbyBpuZ6nYp6APM84w0iTY2HuLkM10HqcVGamynICn9dgB3aqY-fnRnRB2Yu1htrQt9EfHU3T1qgq7xm-EejT9HRRzXtgwxDh5EigKIZg2P2rEXXU10dOOL7R165f9~W4NNJfnU6IJfqCnLkP1t8qV2ckxxWQ==, RESULT=OK}
]]></system-out>
  <system-err><![CDATA[]]></system-err>
</testsuite>
